#
# There is insufficient memory for the Java Runtime Environment to continue.
# Native memory allocation (mmap) failed to map 9437184 bytes for G1 virtual space
# Possible reasons:
#   The system is out of physical RAM or swap space
#   The process is running with CompressedOops enabled, and the Java Heap may be blocking the growth of the native heap
# Possible solutions:
#   Reduce memory load on the system
#   Increase physical memory or swap space
#   Check if swap backing store is full
#   Decrease Java heap size (-Xmx/-Xms)
#   Decrease number of Java threads
#   Decrease Java thread stack sizes (-Xss)
#   Set larger code cache with -XX:ReservedCodeCacheSize=
#   JVM is running with Unscaled Compressed Oops mode in which the Java heap is
#     placed in the first 4GB address space. The Java Heap base address is the
#     maximum limit for the native heap growth. Please use -XX:HeapBaseMinAddress
#     to set the Java Heap base and to place the Java Heap above 4GB virtual address.
# This output file may be truncated or incomplete.
#
#  Out of Memory Error (os_windows.cpp:3825), pid=14896, tid=7768
#
# JRE version: OpenJDK Runtime Environment (17.0.9) (build 17.0.9+0--11185874)
# Java VM: OpenJDK 64-Bit Server VM (17.0.9+0--11185874, mixed mode, tiered, compressed oops, compressed class ptrs, g1 gc, windows-amd64)
# No core dump will be written. Minidumps are not enabled by default on client versions of Windows
#

---------------  S U M M A R Y ------------

Command Line: org.jetbrains.kotlin.cli.jvm.K2JVMCompiler @C:\Users\niami\Desktop\devops\ANDROID\CookingReceipe\app\build\20240706_11230986172396068247.compiler.options

Host: AMD 3020e with Radeon Graphics                 , 2 cores, 3G,  Windows 11 , 64 bit Build 22621 (10.0.22621.3672)
Time: Sat Jul  6 21:43:28 2024 Greenwich elapsed time: 37.633983 seconds (0d 0h 0m 37s)

---------------  T H R E A D  ---------------

Current thread (0x000001e39405a3a0):  VMThread "VM Thread" [stack: 0x000000a11d700000,0x000000a11d800000] [id=7768]

Stack: [0x000000a11d700000,0x000000a11d800000]
Native frames: (J=compiled Java code, j=interpreted, Vv=VM code, C=native code)
V  [jvm.dll+0x6886e9]
V  [jvm.dll+0x841e4a]
V  [jvm.dll+0x843a8e]
V  [jvm.dll+0x8440f3]
V  [jvm.dll+0x24c14f]
V  [jvm.dll+0x685499]
V  [jvm.dll+0x679c2a]
V  [jvm.dll+0x30cf9b]
V  [jvm.dll+0x314446]
V  [jvm.dll+0x36425e]
V  [jvm.dll+0x36448f]
V  [jvm.dll+0x2e2d68]
V  [jvm.dll+0x2e0f44]
V  [jvm.dll+0x2e054c]
V  [jvm.dll+0x325721]
V  [jvm.dll+0x8487eb]
V  [jvm.dll+0x849531]
V  [jvm.dll+0x849a4d]
V  [jvm.dll+0x849e24]
V  [jvm.dll+0x849ef0]
V  [jvm.dll+0x7f06aa]
V  [jvm.dll+0x687565]
C  [ucrtbase.dll+0x29333]
C  [KERNEL32.DLL+0x1257d]
C  [ntdll.dll+0x5af28]

VM_Operation (0x000000a11d1fb290): G1TryInitiateConcMark, mode: safepoint, requested by thread 0x000001e393fba120


---------------  P R O C E S S  ---------------

Threads class SMR info:
_java_thread_list=0x000001e3ac8f6400, length=12, elements={
0x000001e393fba120, 0x000001e3ac4f6b10, 0x000001e3ac4f83b0, 0x000001e3ac544a10,
0x000001e3ac54b5f0, 0x000001e3ac54c0b0, 0x000001e3ac560020, 0x000001e3ac5613c0,
0x000001e3ac562610, 0x000001e3ac830000, 0x000001e3ac916f40, 0x000001e3ac92f010
}

Java Threads: ( => current thread )
  0x000001e393fba120 JavaThread "main" [_thread_blocked, id=9272, stack(0x000000a11d100000,0x000000a11d200000)]
  0x000001e3ac4f6b10 JavaThread "Reference Handler" daemon [_thread_blocked, id=14640, stack(0x000000a11d800000,0x000000a11d900000)]
  0x000001e3ac4f83b0 JavaThread "Finalizer" daemon [_thread_blocked, id=3600, stack(0x000000a11d900000,0x000000a11da00000)]
  0x000001e3ac544a10 JavaThread "Signal Dispatcher" daemon [_thread_blocked, id=10172, stack(0x000000a11da00000,0x000000a11db00000)]
  0x000001e3ac54b5f0 JavaThread "Attach Listener" daemon [_thread_blocked, id=2872, stack(0x000000a11db00000,0x000000a11dc00000)]
  0x000001e3ac54c0b0 JavaThread "Service Thread" daemon [_thread_blocked, id=15220, stack(0x000000a11dc00000,0x000000a11dd00000)]
  0x000001e3ac560020 JavaThread "Monitor Deflation Thread" daemon [_thread_blocked, id=12808, stack(0x000000a11dd00000,0x000000a11de00000)]
  0x000001e3ac5613c0 JavaThread "C2 CompilerThread0" daemon [_thread_blocked, id=11836, stack(0x000000a11de00000,0x000000a11df00000)]
  0x000001e3ac562610 JavaThread "C1 CompilerThread0" daemon [_thread_blocked, id=6564, stack(0x000000a11df00000,0x000000a11e000000)]
  0x000001e3ac830000 JavaThread "Sweeper thread" daemon [_thread_blocked, id=14832, stack(0x000000a11e000000,0x000000a11e100000)]
  0x000001e3ac916f40 JavaThread "Notification Thread" daemon [_thread_blocked, id=10760, stack(0x000000a11e100000,0x000000a11e200000)]
  0x000001e3ac92f010 JavaThread "Common-Cleaner" daemon [_thread_blocked, id=4980, stack(0x000000a11e300000,0x000000a11e400000)]

Other Threads:
=>0x000001e39405a3a0 VMThread "VM Thread" [stack: 0x000000a11d700000,0x000000a11d800000] [id=7768]
  0x000001e3ac919430 WatcherThread [stack: 0x000000a11e200000,0x000000a11e300000] [id=308]
  0x000001e393ff2790 GCTaskThread "GC Thread#0" [stack: 0x000000a11d200000,0x000000a11d300000] [id=7796]
  0x000001e3b1044350 GCTaskThread "GC Thread#1" [stack: 0x000000a11e400000,0x000000a11e500000] [id=13984]
  0x000001e393ffa4a0 ConcurrentGCThread "G1 Main Marker" [stack: 0x000000a11d300000,0x000000a11d400000] [id=13468]
  0x000001e393ffaec0 ConcurrentGCThread "G1 Conc#0" [stack: 0x000000a11d400000,0x000000a11d500000] [id=928]
  0x000001e39402e9b0 ConcurrentGCThread "G1 Refine#0" [stack: 0x000000a11d500000,0x000000a11d600000] [id=14628]
  0x000001e3b2228400 ConcurrentGCThread "G1 Refine#1" [stack: 0x000000a11e500000,0x000000a11e600000] [id=8320]
  0x000001e39402f3e0 ConcurrentGCThread "G1 Service" [stack: 0x000000a11d600000,0x000000a11d700000] [id=13852]

Threads with active compile tasks:
C2 CompilerThread0    37697 3923       4       java.util.zip.ZipFile$Source::initCEN (591 bytes)

VM state: at safepoint (normal execution)

VM Mutex/Monitor currently owned by a thread:  ([mutex/lock_event])
[0x000001e393fb5af0] Threads_lock - owner thread: 0x000001e39405a3a0
[0x000001e393fb5940] Heap_lock - owner thread: 0x000001e393fba120

Heap address: 0x00000000c9200000, size: 878 MB, Compressed Oops mode: 32-bit

CDS archive(s) not mapped
Compressed class space mapped at: 0x0000000100000000-0x0000000140000000, reserved size: 1073741824
Narrow klass base: 0x0000000000000000, Narrow klass shift: 3, Narrow klass range: 0x140000000

GC Precious Log:
 CPUs: 2 total, 2 available
 Memory: 3504M
 Large Page Support: Disabled
 NUMA Support: Disabled
 Compressed Oops: Enabled (32-bit)
 Heap Region Size: 1M
 Heap Min Capacity: 8M
 Heap Initial Capacity: 56M
 Heap Max Capacity: 878M
 Pre-touch: Disabled
 Parallel Workers: 2
 Concurrent Workers: 1
 Concurrent Refinement Workers: 2
 Periodic GC: Disabled

Heap:
 garbage-first heap   total 57344K, used 32629K [0x00000000c9200000, 0x0000000100000000)
  region size 1024K, 2 young (2048K), 2 survivors (2048K)
 Metaspace       used 47837K, committed 48128K, reserved 1114112K
  class space    used 5800K, committed 5952K, reserved 1048576K

Heap Regions: E=young(eden), S=young(survivor), O=old, HS=humongous(starts), HC=humongous(continues), CS=collection set, F=free, OA=open archive, CA=closed archive, TAMS=top-at-mark-start (previous, next)
|   0|0x00000000c9200000, 0x00000000c9300000, 0x00000000c9300000|100%|HS|  |TAMS 0x00000000c9300000, 0x00000000c9300000| Complete 
|   1|0x00000000c9300000, 0x00000000c9400000, 0x00000000c9400000|100%|HC|  |TAMS 0x00000000c9400000, 0x00000000c9400000| Complete 
|   2|0x00000000c9400000, 0x00000000c9500000, 0x00000000c9500000|100%|HC|  |TAMS 0x00000000c9500000, 0x00000000c9500000| Complete 
|   3|0x00000000c9500000, 0x00000000c9600000, 0x00000000c9600000|100%|HC|  |TAMS 0x00000000c9600000, 0x00000000c9600000| Complete 
|   4|0x00000000c9600000, 0x00000000c96bc200, 0x00000000c9700000| 73%| O|  |TAMS 0x00000000c96bc200, 0x00000000c96bc200| Untracked 
|   5|0x00000000c9700000, 0x00000000c9800000, 0x00000000c9800000|100%| O|  |TAMS 0x00000000c9800000, 0x00000000c9800000| Untracked 
|   6|0x00000000c9800000, 0x00000000c9900000, 0x00000000c9900000|100%| O|  |TAMS 0x00000000c9900000, 0x00000000c9900000| Untracked 
|   7|0x00000000c9900000, 0x00000000c9a00000, 0x00000000c9a00000|100%| O|  |TAMS 0x00000000c9a00000, 0x00000000c9a00000| Untracked 
|   8|0x00000000c9a00000, 0x00000000c9b00000, 0x00000000c9b00000|100%| O|  |TAMS 0x00000000c9b00000, 0x00000000c9b00000| Untracked 
|   9|0x00000000c9b00000, 0x00000000c9c00000, 0x00000000c9c00000|100%| O|  |TAMS 0x00000000c9c00000, 0x00000000c9c00000| Untracked 
|  10|0x00000000c9c00000, 0x00000000c9d00000, 0x00000000c9d00000|100%| O|  |TAMS 0x00000000c9d00000, 0x00000000c9d00000| Untracked 
|  11|0x00000000c9d00000, 0x00000000c9e00000, 0x00000000c9e00000|100%| O|  |TAMS 0x00000000c9e00000, 0x00000000c9e00000| Untracked 
|  12|0x00000000c9e00000, 0x00000000c9f00000, 0x00000000c9f00000|100%| O|  |TAMS 0x00000000c9f00000, 0x00000000c9f00000| Untracked 
|  13|0x00000000c9f00000, 0x00000000ca000000, 0x00000000ca000000|100%| O|  |TAMS 0x00000000ca000000, 0x00000000ca000000| Untracked 
|  14|0x00000000ca000000, 0x00000000ca100000, 0x00000000ca100000|100%| O|  |TAMS 0x00000000ca100000, 0x00000000ca100000| Untracked 
|  15|0x00000000ca100000, 0x00000000ca200000, 0x00000000ca200000|100%| O|  |TAMS 0x00000000ca200000, 0x00000000ca200000| Untracked 
|  16|0x00000000ca200000, 0x00000000ca300000, 0x00000000ca300000|100%| O|  |TAMS 0x00000000ca300000, 0x00000000ca300000| Untracked 
|  17|0x00000000ca300000, 0x00000000ca400000, 0x00000000ca400000|100%| O|  |TAMS 0x00000000ca400000, 0x00000000ca400000| Untracked 
|  18|0x00000000ca400000, 0x00000000ca500000, 0x00000000ca500000|100%| O|  |TAMS 0x00000000ca500000, 0x00000000ca500000| Untracked 
|  19|0x00000000ca500000, 0x00000000ca600000, 0x00000000ca600000|100%| O|  |TAMS 0x00000000ca600000, 0x00000000ca600000| Untracked 
|  20|0x00000000ca600000, 0x00000000ca700000, 0x00000000ca700000|100%| O|  |TAMS 0x00000000ca700000, 0x00000000ca700000| Untracked 
|  21|0x00000000ca700000, 0x00000000ca800000, 0x00000000ca800000|100%| O|  |TAMS 0x00000000ca800000, 0x00000000ca800000| Untracked 
|  22|0x00000000ca800000, 0x00000000ca900000, 0x00000000ca900000|100%| O|  |TAMS 0x00000000ca900000, 0x00000000ca900000| Untracked 
|  23|0x00000000ca900000, 0x00000000caa00000, 0x00000000caa00000|100%| O|  |TAMS 0x00000000ca9f7400, 0x00000000caa00000| Untracked 
|  24|0x00000000caa00000, 0x00000000cab00000, 0x00000000cab00000|100%|HS|  |TAMS 0x00000000cab00000, 0x00000000cab00000| Complete 
|  25|0x00000000cab00000, 0x00000000cac00000, 0x00000000cac00000|100%|HC|  |TAMS 0x00000000cac00000, 0x00000000cac00000| Complete 
|  26|0x00000000cac00000, 0x00000000cad00000, 0x00000000cad00000|100%| O|  |TAMS 0x00000000cac00000, 0x00000000cad00000| Untracked 
|  27|0x00000000cad00000, 0x00000000cae00000, 0x00000000cae00000|100%| O|  |TAMS 0x00000000cad00000, 0x00000000cae00000| Untracked 
|  28|0x00000000cae00000, 0x00000000caf00000, 0x00000000caf00000|100%| O|  |TAMS 0x00000000cae00000, 0x00000000caf00000| Untracked 
|  29|0x00000000caf00000, 0x00000000cb000000, 0x00000000cb000000|100%| O|  |TAMS 0x00000000caf00000, 0x00000000cb000000| Untracked 
|  30|0x00000000cb000000, 0x00000000cb048200, 0x00000000cb100000| 28%| O|  |TAMS 0x00000000cb000000, 0x00000000cb048200| Untracked 
|  31|0x00000000cb100000, 0x00000000cb100000, 0x00000000cb200000|  0%| F|  |TAMS 0x00000000cb100000, 0x00000000cb100000| Untracked 
|  32|0x00000000cb200000, 0x00000000cb200000, 0x00000000cb300000|  0%| F|  |TAMS 0x00000000cb200000, 0x00000000cb200000| Untracked 
|  33|0x00000000cb300000, 0x00000000cb300000, 0x00000000cb400000|  0%| F|  |TAMS 0x00000000cb300000, 0x00000000cb300000| Untracked 
|  34|0x00000000cb400000, 0x00000000cb400000, 0x00000000cb500000|  0%| F|  |TAMS 0x00000000cb400000, 0x00000000cb400000| Untracked 
|  35|0x00000000cb500000, 0x00000000cb500000, 0x00000000cb600000|  0%| F|  |TAMS 0x00000000cb500000, 0x00000000cb500000| Untracked 
|  36|0x00000000cb600000, 0x00000000cb600000, 0x00000000cb700000|  0%| F|  |TAMS 0x00000000cb600000, 0x00000000cb600000| Untracked 
|  37|0x00000000cb700000, 0x00000000cb700000, 0x00000000cb800000|  0%| F|  |TAMS 0x00000000cb700000, 0x00000000cb700000| Untracked 
|  38|0x00000000cb800000, 0x00000000cb800000, 0x00000000cb900000|  0%| F|  |TAMS 0x00000000cb800000, 0x00000000cb800000| Untracked 
|  39|0x00000000cb900000, 0x00000000cb900000, 0x00000000cba00000|  0%| F|  |TAMS 0x00000000cb900000, 0x00000000cb900000| Untracked 
|  40|0x00000000cba00000, 0x00000000cba00000, 0x00000000cbb00000|  0%| F|  |TAMS 0x00000000cba00000, 0x00000000cba00000| Untracked 
|  41|0x00000000cbb00000, 0x00000000cbb00000, 0x00000000cbc00000|  0%| F|  |TAMS 0x00000000cbb00000, 0x00000000cbb00000| Untracked 
|  42|0x00000000cbc00000, 0x00000000cbc00000, 0x00000000cbd00000|  0%| F|  |TAMS 0x00000000cbc00000, 0x00000000cbc00000| Untracked 
|  43|0x00000000cbd00000, 0x00000000cbd00000, 0x00000000cbe00000|  0%| F|  |TAMS 0x00000000cbd00000, 0x00000000cbd00000| Untracked 
|  44|0x00000000cbe00000, 0x00000000cbe00000, 0x00000000cbf00000|  0%| F|  |TAMS 0x00000000cbe00000, 0x00000000cbe00000| Untracked 
|  45|0x00000000cbf00000, 0x00000000cbf00000, 0x00000000cc000000|  0%| F|  |TAMS 0x00000000cbf00000, 0x00000000cbf00000| Untracked 
|  46|0x00000000cc000000, 0x00000000cc000000, 0x00000000cc100000|  0%| F|  |TAMS 0x00000000cc000000, 0x00000000cc000000| Untracked 
|  47|0x00000000cc100000, 0x00000000cc1d91b8, 0x00000000cc200000| 84%| S|CS|TAMS 0x00000000cc100000, 0x00000000cc100000| Complete 
|  48|0x00000000cc200000, 0x00000000cc300000, 0x00000000cc300000|100%| S|CS|TAMS 0x00000000cc200000, 0x00000000cc200000| Complete 
|  49|0x00000000cc300000, 0x00000000cc300000, 0x00000000cc400000|  0%| F|  |TAMS 0x00000000cc300000, 0x00000000cc300000| Untracked 
|  50|0x00000000cc400000, 0x00000000cc400000, 0x00000000cc500000|  0%| F|  |TAMS 0x00000000cc400000, 0x00000000cc400000| Untracked 
|  51|0x00000000cc500000, 0x00000000cc500000, 0x00000000cc600000|  0%| F|  |TAMS 0x00000000cc500000, 0x00000000cc500000| Untracked 
|  52|0x00000000cc600000, 0x00000000cc600000, 0x00000000cc700000|  0%| F|  |TAMS 0x00000000cc600000, 0x00000000cc600000| Untracked 
|  53|0x00000000cc700000, 0x00000000cc700000, 0x00000000cc800000|  0%| F|  |TAMS 0x00000000cc700000, 0x00000000cc700000| Untracked 
|  54|0x00000000cc800000, 0x00000000cc800000, 0x00000000cc900000|  0%| F|  |TAMS 0x00000000cc800000, 0x00000000cc800000| Untracked 
|  55|0x00000000cc900000, 0x00000000cc900000, 0x00000000cca00000|  0%| F|  |TAMS 0x00000000cc900000, 0x00000000cc900000| Untracked 

Card table byte_map: [0x000001e3a8270000,0x000001e3a8430000] _byte_map_base: 0x000001e3a7c27000

Marking Bits (Prev, Next): (CMBitMap*) 0x000001e393ff2df0, (CMBitMap*) 0x000001e393ff2db0
 Prev Bits: [0x000001e3a93b0000, 0x000001e3aa168000)
 Next Bits: [0x000001e3a85f0000, 0x000001e3a93a8000)

Polling page: 0x000001e394070000

Metaspace:

Usage:
  Non-class:     41.05 MB used.
      Class:      5.66 MB used.
       Both:     46.72 MB used.

Virtual space:
  Non-class space:       64.00 MB reserved,      41.19 MB ( 64%) committed,  1 nodes.
      Class space:        1.00 GB reserved,       5.81 MB ( <1%) committed,  1 nodes.
             Both:        1.06 GB reserved,      47.00 MB (  4%) committed. 

Chunk freelists:
   Non-Class:  6.84 MB
       Class:  10.22 MB
        Both:  17.06 MB

MaxMetaspaceSize: unlimited
CompressedClassSpaceSize: 1.00 GB
Initial GC threshold: 21.00 MB
Current GC threshold: 78.12 MB
CDS: off
MetaspaceReclaimPolicy: balanced
 - commit_granule_bytes: 65536.
 - commit_granule_words: 8192.
 - virtual_space_node_default_size: 8388608.
 - enlarge_chunks_in_place: 1.
 - new_chunks_are_fully_committed: 0.
 - uncommit_free_chunks: 1.
 - use_allocation_guard: 0.
 - handle_deallocations: 1.


Internal statistics:

num_allocs_failed_limit: 3.
num_arena_births: 182.
num_arena_deaths: 0.
num_vsnodes_births: 2.
num_vsnodes_deaths: 0.
num_space_committed: 750.
num_space_uncommitted: 0.
num_chunks_returned_to_freelist: 3.
num_chunks_taken_from_freelist: 1533.
num_chunk_merges: 3.
num_chunk_splits: 1278.
num_chunks_enlarged: 1162.
num_inconsistent_stats: 0.

CodeHeap 'non-profiled nmethods': size=120064Kb used=1720Kb max_used=1720Kb free=118343Kb
 bounds [0x000001e3a0770000, 0x000001e3a09e0000, 0x000001e3a7cb0000]
CodeHeap 'profiled nmethods': size=120000Kb used=8526Kb max_used=8526Kb free=111473Kb
 bounds [0x000001e398cb0000, 0x000001e399510000, 0x000001e3a01e0000]
CodeHeap 'non-nmethods': size=5696Kb used=1260Kb max_used=1308Kb free=4435Kb
 bounds [0x000001e3a01e0000, 0x000001e3a0450000, 0x000001e3a0770000]
 total_blobs=4524 nmethods=3952 adapters=484
 compilation: enabled
              stopped_count=0, restarted_count=0
 full_count=0

Compilation events (20 events):
Event: 37.562 Thread 0x000001e3ac562610 3956       3       org.jetbrains.kotlin.metadata.ProtoBuf$Class$1::parsePartialFrom (7 bytes)
Event: 37.562 Thread 0x000001e3ac562610 nmethod 3956 0x000001e3994f8a90 code [0x000001e3994f8c20, 0x000001e3994f8d68]
Event: 37.564 Thread 0x000001e3ac562610 3957       3       org.jetbrains.kotlin.metadata.ProtoBuf$Class::<init> (7 bytes)
Event: 37.564 Thread 0x000001e3ac562610 nmethod 3957 0x000001e3994f8e10 code [0x000001e3994f8fa0, 0x000001e3994f90e8]
Event: 37.565 Thread 0x000001e3ac562610 3958       3       org.jetbrains.kotlin.descriptors.impl.ModuleDescriptorImpl::toString (85 bytes)
Event: 37.566 Thread 0x000001e3ac562610 nmethod 3958 0x000001e3994f9190 code [0x000001e3994f9420, 0x000001e3994f9cd8]
Event: 37.566 Thread 0x000001e3ac562610 3959       3       org.jetbrains.kotlin.renderer.DescriptorRendererImpl::render (65 bytes)
Event: 37.568 Thread 0x000001e3ac562610 nmethod 3959 0x000001e3994fa010 code [0x000001e3994fa360, 0x000001e3994fb5d8]
Event: 37.572 Thread 0x000001e3ac562610 3960       3       org.jetbrains.kotlin.descriptors.impl.ModuleDescriptorImpl::accept (7 bytes)
Event: 37.573 Thread 0x000001e3ac562610 nmethod 3960 0x000001e3994fbc90 code [0x000001e3994fbf60, 0x000001e3994fcc28]
Event: 37.573 Thread 0x000001e3ac562610 3961       3       org.jetbrains.kotlin.renderer.DescriptorRendererImpl::renderName (68 bytes)
Event: 37.579 Thread 0x000001e3ac562610 nmethod 3961 0x000001e3994fd110 code [0x000001e3994fd5c0, 0x000001e3994ff6b8]
Event: 37.580 Thread 0x000001e3ac562610 3962       3       org.jetbrains.kotlin.renderer.RenderingUtilsKt::shouldBeEscaped (104 bytes)
Event: 37.581 Thread 0x000001e3ac562610 nmethod 3962 0x000001e399500290 code [0x000001e399500540, 0x000001e399501348]
Event: 37.581 Thread 0x000001e3ac562610 3963       3       org.jetbrains.kotlin.renderer.RenderingFormat$PLAIN::escape (8 bytes)
Event: 37.582 Thread 0x000001e3ac562610 nmethod 3963 0x000001e399501890 code [0x000001e399501aa0, 0x000001e399502038]
Event: 37.585 Thread 0x000001e3ac562610 3964       3       org.jetbrains.kotlin.descriptors.impl.ModuleDescriptorImpl::getContainingDeclaration (5 bytes)
Event: 37.585 Thread 0x000001e3ac562610 nmethod 3964 0x000001e399502290 code [0x000001e399502420, 0x000001e399502598]
Event: 37.590 Thread 0x000001e3ac562610 3965       3       org.jetbrains.kotlin.load.kotlin.header.ReadKotlinClassHeaderAnnotationVisitor$KotlinMetadataArgumentVisitor::visitArray (43 bytes)
Event: 37.595 Thread 0x000001e3ac562610 nmethod 3965 0x000001e399502690 code [0x000001e399502920, 0x000001e399503668]

GC Heap History (20 events):
Event: 22.367 GC heap after
{Heap after GC invocations=10 (full 0):
 garbage-first heap   total 46080K, used 19788K [0x00000000c9200000, 0x0000000100000000)
  region size 1024K, 1 young (1024K), 1 survivors (1024K)
 Metaspace       used 33021K, committed 33216K, reserved 1114112K
  class space    used 4265K, committed 4352K, reserved 1048576K
}
Event: 23.124 GC heap before
{Heap before GC invocations=11 (full 0):
 garbage-first heap   total 46080K, used 27980K [0x00000000c9200000, 0x0000000100000000)
  region size 1024K, 11 young (11264K), 1 survivors (1024K)
 Metaspace       used 35334K, committed 35584K, reserved 1114112K
  class space    used 4531K, committed 4608K, reserved 1048576K
}
Event: 23.132 GC heap after
{Heap after GC invocations=12 (full 0):
 garbage-first heap   total 46080K, used 18931K [0x00000000c9200000, 0x0000000100000000)
  region size 1024K, 2 young (2048K), 2 survivors (2048K)
 Metaspace       used 35334K, committed 35584K, reserved 1114112K
  class space    used 4531K, committed 4608K, reserved 1048576K
}
Event: 24.891 GC heap before
{Heap before GC invocations=12 (full 0):
 garbage-first heap   total 46080K, used 34291K [0x00000000c9200000, 0x0000000100000000)
  region size 1024K, 15 young (15360K), 2 survivors (2048K)
 Metaspace       used 36361K, committed 36544K, reserved 1114112K
  class space    used 4647K, committed 4736K, reserved 1048576K
}
Event: 24.907 GC heap after
{Heap after GC invocations=13 (full 0):
 garbage-first heap   total 46080K, used 20988K [0x00000000c9200000, 0x0000000100000000)
  region size 1024K, 2 young (2048K), 2 survivors (2048K)
 Metaspace       used 36361K, committed 36544K, reserved 1114112K
  class space    used 4647K, committed 4736K, reserved 1048576K
}
Event: 26.405 GC heap before
{Heap before GC invocations=13 (full 0):
 garbage-first heap   total 46080K, used 33276K [0x00000000c9200000, 0x0000000100000000)
  region size 1024K, 14 young (14336K), 2 survivors (2048K)
 Metaspace       used 38791K, committed 38976K, reserved 1114112K
  class space    used 4892K, committed 4992K, reserved 1048576K
}
Event: 26.416 GC heap after
{Heap after GC invocations=14 (full 0):
 garbage-first heap   total 46080K, used 22679K [0x00000000c9200000, 0x0000000100000000)
  region size 1024K, 2 young (2048K), 2 survivors (2048K)
 Metaspace       used 38791K, committed 38976K, reserved 1114112K
  class space    used 4892K, committed 4992K, reserved 1048576K
}
Event: 26.981 GC heap before
{Heap before GC invocations=14 (full 0):
 garbage-first heap   total 46080K, used 32919K [0x00000000c9200000, 0x0000000100000000)
  region size 1024K, 13 young (13312K), 2 survivors (2048K)
 Metaspace       used 41313K, committed 41536K, reserved 1114112K
  class space    used 5090K, committed 5184K, reserved 1048576K
}
Event: 26.992 GC heap after
{Heap after GC invocations=15 (full 0):
 garbage-first heap   total 46080K, used 23950K [0x00000000c9200000, 0x0000000100000000)
  region size 1024K, 2 young (2048K), 2 survivors (2048K)
 Metaspace       used 41313K, committed 41536K, reserved 1114112K
  class space    used 5090K, committed 5184K, reserved 1048576K
}
Event: 28.909 GC heap before
{Heap before GC invocations=16 (full 0):
 garbage-first heap   total 46080K, used 33166K [0x00000000c9200000, 0x0000000100000000)
  region size 1024K, 12 young (12288K), 2 survivors (2048K)
 Metaspace       used 43520K, committed 43712K, reserved 1114112K
  class space    used 5339K, committed 5440K, reserved 1048576K
}
Event: 28.915 GC heap after
{Heap after GC invocations=17 (full 0):
 garbage-first heap   total 46080K, used 24508K [0x00000000c9200000, 0x0000000100000000)
  region size 1024K, 1 young (1024K), 1 survivors (1024K)
 Metaspace       used 43520K, committed 43712K, reserved 1114112K
  class space    used 5339K, committed 5440K, reserved 1048576K
}
Event: 31.579 GC heap before
{Heap before GC invocations=17 (full 0):
 garbage-first heap   total 46080K, used 28604K [0x00000000c9200000, 0x0000000100000000)
  region size 1024K, 6 young (6144K), 1 survivors (1024K)
 Metaspace       used 45192K, committed 45440K, reserved 1114112K
  class space    used 5541K, committed 5696K, reserved 1048576K
}
Event: 31.588 GC heap after
{Heap after GC invocations=18 (full 0):
 garbage-first heap   total 46080K, used 24861K [0x00000000c9200000, 0x0000000100000000)
  region size 1024K, 1 young (1024K), 1 survivors (1024K)
 Metaspace       used 45192K, committed 45440K, reserved 1114112K
  class space    used 5541K, committed 5696K, reserved 1048576K
}
Event: 33.021 GC heap before
{Heap before GC invocations=19 (full 0):
 garbage-first heap   total 48128K, used 37149K [0x00000000c9200000, 0x0000000100000000)
  region size 1024K, 12 young (12288K), 1 survivors (1024K)
 Metaspace       used 47049K, committed 47360K, reserved 1114112K
  class space    used 5756K, committed 5888K, reserved 1048576K
}
Event: 33.047 GC heap after
{Heap after GC invocations=20 (full 0):
 garbage-first heap   total 48128K, used 28365K [0x00000000c9200000, 0x0000000100000000)
  region size 1024K, 2 young (2048K), 2 survivors (2048K)
 Metaspace       used 47049K, committed 47360K, reserved 1114112K
  class space    used 5756K, committed 5888K, reserved 1048576K
}
Event: 36.158 GC heap before
{Heap before GC invocations=20 (full 0):
 garbage-first heap   total 48128K, used 38605K [0x00000000c9200000, 0x0000000100000000)
  region size 1024K, 12 young (12288K), 2 survivors (2048K)
 Metaspace       used 47722K, committed 48000K, reserved 1114112K
  class space    used 5800K, committed 5952K, reserved 1048576K
}
Event: 36.172 GC heap after
{Heap after GC invocations=21 (full 0):
 garbage-first heap   total 48128K, used 30550K [0x00000000c9200000, 0x0000000100000000)
  region size 1024K, 2 young (2048K), 2 survivors (2048K)
 Metaspace       used 47722K, committed 48000K, reserved 1114112K
  class space    used 5800K, committed 5952K, reserved 1048576K
}
Event: 37.340 GC heap before
{Heap before GC invocations=22 (full 0):
 garbage-first heap   total 55296K, used 37718K [0x00000000c9200000, 0x0000000100000000)
  region size 1024K, 9 young (9216K), 2 survivors (2048K)
 Metaspace       used 47788K, committed 48064K, reserved 1114112K
  class space    used 5800K, committed 5952K, reserved 1048576K
}
Event: 37.352 GC heap after
{Heap after GC invocations=23 (full 0):
 garbage-first heap   total 55296K, used 31555K [0x00000000c9200000, 0x0000000100000000)
  region size 1024K, 1 young (1024K), 1 survivors (1024K)
 Metaspace       used 47788K, committed 48064K, reserved 1114112K
  class space    used 5800K, committed 5952K, reserved 1048576K
}
Event: 37.597 GC heap before
{Heap before GC invocations=23 (full 0):
 garbage-first heap   total 55296K, used 35651K [0x00000000c9200000, 0x0000000100000000)
  region size 1024K, 6 young (6144K), 1 survivors (1024K)
 Metaspace       used 47837K, committed 48128K, reserved 1114112K
  class space    used 5800K, committed 5952K, reserved 1048576K
}

Dll operation events (2 events):
Event: 0.119 Loaded shared library C:\Program Files\Android\Android Studio1\jbr\bin\java.dll
Event: 19.068 Loaded shared library C:\Program Files\Android\Android Studio1\jbr\bin\verify.dll

Deoptimization events (20 events):
Event: 32.172 Thread 0x000001e393fba120 Uncommon trap: trap_request=0xffffffc6 fr.pc=0x000001e3a0863010 relative=0x00000000000005b0
Event: 32.172 Thread 0x000001e393fba120 Uncommon trap: reason=bimorphic_or_optimized_type_check action=maybe_recompile pc=0x000001e3a0863010 method=org.jetbrains.kotlin.protobuf.CodedInputStream.tryRefillBuffer(I)Z @ 177 c2
Event: 32.172 Thread 0x000001e393fba120 DEOPT PACKING pc=0x000001e3a0863010 sp=0x000000a11d1fd1d0
Event: 32.172 Thread 0x000001e393fba120 DEOPT UNPACKING pc=0x000001e3a02369a3 sp=0x000000a11d1fd0b8 mode 2
Event: 35.416 Thread 0x000001e393fba120 Uncommon trap: trap_request=0xffffffcc fr.pc=0x000001e3a08f47b4 relative=0x0000000000000314
Event: 35.416 Thread 0x000001e393fba120 Uncommon trap: reason=intrinsic_or_type_checked_inlining action=make_not_entrant pc=0x000001e3a08f47b4 method=java.util.Arrays.copyOf([Ljava/lang/Object;ILjava/lang/Class;)[Ljava/lang/Object; @ 35 c2
Event: 35.416 Thread 0x000001e393fba120 DEOPT PACKING pc=0x000001e3a08f47b4 sp=0x000000a11d1fd840
Event: 35.416 Thread 0x000001e393fba120 DEOPT UNPACKING pc=0x000001e3a02369a3 sp=0x000000a11d1fd7e8 mode 2
Event: 35.781 Thread 0x000001e393fba120 Uncommon trap: trap_request=0xffffff45 fr.pc=0x000001e3a08e124c relative=0x000000000000004c
Event: 35.781 Thread 0x000001e393fba120 Uncommon trap: reason=unstable_if action=reinterpret pc=0x000001e3a08e124c method=org.jetbrains.kotlin.protobuf.CodedOutputStream.computeRawVarint32Size(I)I @ 14 c2
Event: 35.781 Thread 0x000001e393fba120 DEOPT PACKING pc=0x000001e3a08e124c sp=0x000000a11d1fc410
Event: 35.781 Thread 0x000001e393fba120 DEOPT UNPACKING pc=0x000001e3a02369a3 sp=0x000000a11d1fc3a8 mode 2
Event: 37.422 Thread 0x000001e393fba120 Uncommon trap: trap_request=0xffffff45 fr.pc=0x000001e3a08f9908 relative=0x0000000000000e28
Event: 37.422 Thread 0x000001e393fba120 Uncommon trap: reason=unstable_if action=reinterpret pc=0x000001e3a08f9908 method=gnu.trove.TObjectHash.insertionIndex(Ljava/lang/Object;)I @ 182 c2
Event: 37.422 Thread 0x000001e393fba120 DEOPT PACKING pc=0x000001e3a08f9908 sp=0x000000a11d1fc020
Event: 37.422 Thread 0x000001e393fba120 DEOPT UNPACKING pc=0x000001e3a02369a3 sp=0x000000a11d1fbfa8 mode 2
Event: 37.452 Thread 0x000001e393fba120 DEOPT PACKING pc=0x000001e3990c9b52 sp=0x000000a11d1fb950
Event: 37.452 Thread 0x000001e393fba120 DEOPT UNPACKING pc=0x000001e3a0237143 sp=0x000000a11d1faee0 mode 0
Event: 37.589 Thread 0x000001e393fba120 DEOPT PACKING pc=0x000001e399450e05 sp=0x000000a11d1fbbf0
Event: 37.589 Thread 0x000001e393fba120 DEOPT UNPACKING pc=0x000001e3a0237143 sp=0x000000a11d1fb0a0 mode 0

Classes unloaded (0 events):
No events

Classes redefined (0 events):
No events

Internal exceptions (20 events):
Event: 18.255 Thread 0x000001e393fba120 Exception <a 'java/lang/NoSuchMethodError'{0x00000000caddeeb0}: 'int java.lang.invoke.DelegatingMethodHandle$Holder.reinvoke_L(java.lang.Object, java.lang.Object, java.lang.Object, long, java.lang.Object, java.lang.Object)'> (0x00000000caddeeb0) 
thrown [s\src\hotspot\share\interpreter\linkResolver.cpp, line 771]
Event: 18.258 Thread 0x000001e393fba120 Exception <a 'java/lang/NoSuchMethodError'{0x00000000cadeda40}: 'int java.lang.invoke.DelegatingMethodHandle$Holder.reinvoke_L(java.lang.Object, java.lang.Object, java.lang.Object, long, int, int)'> (0x00000000cadeda40) 
thrown [s\src\hotspot\share\interpreter\linkResolver.cpp, line 771]
Event: 18.273 Thread 0x000001e393fba120 Exception <a 'java/lang/NoSuchMethodError'{0x00000000cadfc378}: 'int java.lang.invoke.DelegatingMethodHandle$Holder.reinvoke_L(java.lang.Object, java.lang.Object, java.lang.Object, long, long, long)'> (0x00000000cadfc378) 
thrown [s\src\hotspot\share\interpreter\linkResolver.cpp, line 771]
Event: 18.288 Thread 0x000001e393fba120 Exception <a 'java/lang/NoSuchMethodError'{0x00000000cac0b1d0}: 'int java.lang.invoke.DelegatingMethodHandle$Holder.reinvoke_L(java.lang.Object, java.lang.Object, java.lang.Object, long, int)'> (0x00000000cac0b1d0) 
thrown [s\src\hotspot\share\interpreter\linkResolver.cpp, line 771]
Event: 18.327 Thread 0x000001e393fba120 Exception <a 'java/lang/NoSuchMethodError'{0x00000000cacb4790}: 'int java.lang.invoke.DirectMethodHandle$Holder.invokeStaticInit(java.lang.Object, java.lang.Object, java.lang.Object)'> (0x00000000cacb4790) 
thrown [s\src\hotspot\share\interpreter\linkResolver.cpp, line 771]
Event: 18.342 Thread 0x000001e393fba120 Exception <a 'java/lang/NoSuchMethodError'{0x00000000cacdc5d8}: 'int java.lang.invoke.DirectMethodHandle$Holder.invokeStaticInit(java.lang.Object, java.lang.Object)'> (0x00000000cacdc5d8) 
thrown [s\src\hotspot\share\interpreter\linkResolver.cpp, line 771]
Event: 18.390 Thread 0x000001e393fba120 Exception <a 'java/lang/NoSuchMethodError'{0x00000000cabb9620}: 'void java.lang.invoke.DirectMethodHandle$Holder.invokeSpecial(java.lang.Object, java.lang.Object, java.lang.Object)'> (0x00000000cabb9620) 
thrown [s\src\hotspot\share\interpreter\linkResolver.cpp, line 771]
Event: 18.632 Thread 0x000001e393fba120 Exception <a 'java/lang/NoSuchMethodError'{0x00000000ca5e0db0}: 'void java.lang.invoke.DirectMethodHandle$Holder.invokeStatic(java.lang.Object, java.lang.Object, java.lang.Object, java.lang.Object)'> (0x00000000ca5e0db0) 
thrown [s\src\hotspot\share\interpreter\linkResolver.cpp, line 771]
Event: 18.864 Thread 0x000001e393fba120 Exception <a 'java/lang/NoSuchMethodError'{0x00000000ca1af668}: 'void java.lang.invoke.DirectMethodHandle$Holder.invokeStaticInit(java.lang.Object, java.lang.Object)'> (0x00000000ca1af668) 
thrown [s\src\hotspot\share\interpreter\linkResolver.cpp, line 771]
Event: 19.427 Thread 0x000001e393fba120 Exception <a 'java/lang/NoSuchMethodError'{0x00000000cb091de0}: 'void java.lang.invoke.DirectMethodHandle$Holder.invokeVirtual(java.lang.Object, java.lang.Object)'> (0x00000000cb091de0) 
thrown [s\src\hotspot\share\interpreter\linkResolver.cpp, line 771]
Event: 19.478 Thread 0x000001e393fba120 Exception <a 'java/lang/NoSuchMethodError'{0x00000000cb0dd638}: 'int java.lang.invoke.DirectMethodHandle$Holder.invokeVirtual(java.lang.Object, java.lang.Object)'> (0x00000000cb0dd638) 
thrown [s\src\hotspot\share\interpreter\linkResolver.cpp, line 771]
Event: 19.566 Thread 0x000001e393fba120 Exception <a 'java/lang/NoSuchMethodError'{0x00000000caf75ee0}: 'java.lang.Object java.lang.invoke.Invokers$Holder.invokeExact_MT(java.lang.Object, java.lang.Object, java.lang.Object, java.lang.Object, java.lang.Object, java.lang.Object)'> (0x00000000caf75ee0) 
thrown [s\src\hotspot\share\interpreter\linkResolver.cpp, line 771]
Event: 22.277 Thread 0x000001e393fba120 Implicit null exception at 0x000001e3a078a5f2 to 0x000001e3a078abc0
Event: 22.909 Thread 0x000001e393fba120 Implicit null exception at 0x000001e3a078b272 to 0x000001e3a078b850
Event: 23.048 Thread 0x000001e393fba120 Exception <a 'java/lang/NoSuchMethodError'{0x00000000cb6361d0}: 'java.lang.Object java.lang.invoke.DirectMethodHandle$Holder.invokeVirtual(java.lang.Object, java.lang.Object, java.lang.Object)'> (0x00000000cb6361d0) 
thrown [s\src\hotspot\share\interpreter\linkResolver.cpp, line 771]
Event: 30.218 Thread 0x000001e393fba120 Exception <a 'java/lang/NoSuchMethodError'{0x00000000cbd2f2c0}: 'java.lang.Object java.lang.invoke.DirectMethodHandle$Holder.newInvokeSpecial(java.lang.Object, java.lang.Object, int)'> (0x00000000cbd2f2c0) 
thrown [s\src\hotspot\share\interpreter\linkResolver.cpp, line 771]
Event: 31.076 Thread 0x000001e393fba120 Implicit null exception at 0x000001e3a08bd34c to 0x000001e3a08bd428
Event: 32.090 Thread 0x000001e393fba120 Exception <a 'java/lang/NoSuchMethodError'{0x00000000cbca1f88}: 'java.lang.Object java.lang.invoke.DirectMethodHandle$Holder.newInvokeSpecial(java.lang.Object, java.lang.Object, java.lang.Object, int)'> (0x00000000cbca1f88) 
thrown [s\src\hotspot\share\interpreter\linkResolver.cpp, line 771]
Event: 32.091 Thread 0x000001e393fba120 Exception <a 'java/lang/NoSuchMethodError'{0x00000000cbca6610}: 'java.lang.Object java.lang.invoke.DirectMethodHandle$Holder.invokeSpecial(java.lang.Object, java.lang.Object, java.lang.Object, java.lang.Object, int)'> (0x00000000cbca6610) 
thrown [s\src\hotspot\share\interpreter\linkResolver.cpp, line 771]
Event: 32.091 Thread 0x000001e393fba120 Exception <a 'java/lang/NoSuchMethodError'{0x00000000cbcaa480}: 'java.lang.Object java.lang.invoke.Invokers$Holder.linkToTargetMethod(java.lang.Object, java.lang.Object, int, java.lang.Object)'> (0x00000000cbcaa480) 
thrown [s\src\hotspot\share\interpreter\linkResolver.cpp, line 771]

VM Operations (20 events):
Event: 32.136 Executing VM operation: HandshakeAllThreads done
Event: 33.020 Executing VM operation: G1CollectForAllocation
Event: 33.050 Executing VM operation: G1CollectForAllocation done
Event: 34.065 Executing VM operation: Cleanup
Event: 34.089 Executing VM operation: Cleanup done
Event: 35.097 Executing VM operation: Cleanup
Event: 35.098 Executing VM operation: Cleanup done
Event: 36.115 Executing VM operation: Cleanup
Event: 36.115 Executing VM operation: Cleanup done
Event: 36.158 Executing VM operation: G1CollectForAllocation
Event: 36.172 Executing VM operation: G1CollectForAllocation done
Event: 36.270 Executing VM operation: G1PauseRemark
Event: 36.279 Executing VM operation: G1PauseRemark done
Event: 36.329 Executing VM operation: G1PauseCleanup
Event: 36.329 Executing VM operation: G1PauseCleanup done
Event: 37.335 Executing VM operation: Cleanup
Event: 37.335 Executing VM operation: Cleanup done
Event: 37.340 Executing VM operation: G1CollectForAllocation
Event: 37.352 Executing VM operation: G1CollectForAllocation done
Event: 37.597 Executing VM operation: G1TryInitiateConcMark

Events (20 events):
Event: 31.279 loading class java/util/ConcurrentModificationException
Event: 31.279 loading class java/util/ConcurrentModificationException done
Event: 31.398 loading class java/util/regex/Pattern$StartS
Event: 31.398 loading class java/util/regex/Pattern$StartS done
Event: 31.398 loading class java/util/AbstractList$SubList$1
Event: 31.398 loading class java/util/AbstractList$SubList$1 done
Event: 31.400 loading class java/util/AbstractList$ListItr
Event: 31.400 loading class java/util/AbstractList$ListItr done
Event: 31.431 loading class java/security/CodeSigner
Event: 31.432 loading class java/security/CodeSigner done
Event: 31.918 loading class java/text/StringCharacterIterator
Event: 31.919 loading class java/text/CharacterIterator
Event: 31.919 loading class java/text/CharacterIterator done
Event: 31.919 loading class java/text/StringCharacterIterator done
Event: 32.017 loading class java/lang/Override
Event: 32.017 loading class java/lang/Override done
Event: 32.053 loading class java/util/ArrayList$ListItr
Event: 32.054 loading class java/util/ArrayList$ListItr done
Event: 32.124 loading class java/util/Collections$SingletonMap
Event: 32.124 loading class java/util/Collections$SingletonMap done


Dynamic libraries:
0x00007ff7b27c0000 - 0x00007ff7b27ca000 	C:\Program Files\Android\Android Studio1\jbr\bin\java.exe
0x00007ffc8e410000 - 0x00007ffc8e627000 	C:\WINDOWS\SYSTEM32\ntdll.dll
0x00007ffc8d0c0000 - 0x00007ffc8d184000 	C:\WINDOWS\System32\KERNEL32.DLL
0x00007ffc8baa0000 - 0x00007ffc8be4c000 	C:\WINDOWS\System32\KERNELBASE.dll
0x00007ffc8be50000 - 0x00007ffc8bf61000 	C:\WINDOWS\System32\ucrtbase.dll
0x00007ffc64de0000 - 0x00007ffc64df7000 	C:\Program Files\Android\Android Studio1\jbr\bin\jli.dll
0x00007ffc6cfc0000 - 0x00007ffc6cfdb000 	C:\Program Files\Android\Android Studio1\jbr\bin\VCRUNTIME140.dll
0x00007ffc8c680000 - 0x00007ffc8c82e000 	C:\WINDOWS\System32\USER32.dll
0x00007ffc727a0000 - 0x00007ffc72a33000 	C:\WINDOWS\WinSxS\amd64_microsoft.windows.common-controls_6595b64144ccf1df_6.0.22621.3672_none_2713b9d173822955\COMCTL32.dll
0x00007ffc8b740000 - 0x00007ffc8b766000 	C:\WINDOWS\System32\win32u.dll
0x00007ffc8c9b0000 - 0x00007ffc8ca57000 	C:\WINDOWS\System32\msvcrt.dll
0x00007ffc8e2e0000 - 0x00007ffc8e309000 	C:\WINDOWS\System32\GDI32.dll
0x00007ffc8b8e0000 - 0x00007ffc8b9f9000 	C:\WINDOWS\System32\gdi32full.dll
0x00007ffc8ba00000 - 0x00007ffc8ba9a000 	C:\WINDOWS\System32\msvcp_win.dll
0x00007ffc8ca60000 - 0x00007ffc8ca91000 	C:\WINDOWS\System32\IMM32.DLL
0x00007ffc6eba0000 - 0x00007ffc6ebac000 	C:\Program Files\Android\Android Studio1\jbr\bin\vcruntime140_1.dll
0x00007ffc62e90000 - 0x00007ffc62f1d000 	C:\Program Files\Android\Android Studio1\jbr\bin\msvcp140.dll
0x00007ffc36810000 - 0x00007ffc37493000 	C:\Program Files\Android\Android Studio1\jbr\bin\server\jvm.dll
0x00007ffc8c470000 - 0x00007ffc8c522000 	C:\WINDOWS\System32\ADVAPI32.dll
0x00007ffc8cfe0000 - 0x00007ffc8d08a000 	C:\WINDOWS\System32\sechost.dll
0x00007ffc8c120000 - 0x00007ffc8c148000 	C:\WINDOWS\System32\bcrypt.dll
0x00007ffc8c150000 - 0x00007ffc8c265000 	C:\WINDOWS\System32\RPCRT4.dll
0x00007ffc8b600000 - 0x00007ffc8b64d000 	C:\WINDOWS\SYSTEM32\POWRPROF.dll
0x00007ffc84e20000 - 0x00007ffc84e29000 	C:\WINDOWS\SYSTEM32\WSOCK32.dll
0x00007ffc8c830000 - 0x00007ffc8c8a1000 	C:\WINDOWS\System32\WS2_32.dll
0x00007ffc84cf0000 - 0x00007ffc84d24000 	C:\WINDOWS\SYSTEM32\WINMM.dll
0x00007ffc82f50000 - 0x00007ffc82f5a000 	C:\WINDOWS\SYSTEM32\VERSION.dll
0x00007ffc8b5e0000 - 0x00007ffc8b5f3000 	C:\WINDOWS\SYSTEM32\UMPDC.dll
0x00007ffc8a770000 - 0x00007ffc8a788000 	C:\WINDOWS\SYSTEM32\kernel.appcore.dll
0x00007ffc84e00000 - 0x00007ffc84e0a000 	C:\Program Files\Android\Android Studio1\jbr\bin\jimage.dll
0x00007ffc82180000 - 0x00007ffc823b2000 	C:\WINDOWS\SYSTEM32\DBGHELP.DLL
0x00007ffc8da70000 - 0x00007ffc8ddf8000 	C:\WINDOWS\System32\combase.dll
0x00007ffc8c5a0000 - 0x00007ffc8c677000 	C:\WINDOWS\System32\OLEAUT32.dll
0x00007ffc73c30000 - 0x00007ffc73c62000 	C:\WINDOWS\SYSTEM32\dbgcore.DLL
0x00007ffc8c0a0000 - 0x00007ffc8c11b000 	C:\WINDOWS\System32\bcryptPrimitives.dll
0x00007ffc67480000 - 0x00007ffc674a5000 	C:\Program Files\Android\Android Studio1\jbr\bin\java.dll
0x00007ffc68220000 - 0x00007ffc68238000 	C:\Program Files\Android\Android Studio1\jbr\bin\zip.dll
0x00007ffc8d210000 - 0x00007ffc8da6c000 	C:\WINDOWS\System32\SHELL32.dll
0x00007ffc89690000 - 0x00007ffc89f87000 	C:\WINDOWS\SYSTEM32\windows.storage.dll
0x00007ffc89550000 - 0x00007ffc8968f000 	C:\WINDOWS\SYSTEM32\wintypes.dll
0x00007ffc8e1d0000 - 0x00007ffc8e2c4000 	C:\WINDOWS\System32\SHCORE.dll
0x00007ffc8caa0000 - 0x00007ffc8cafe000 	C:\WINDOWS\System32\shlwapi.dll
0x00007ffc8b670000 - 0x00007ffc8b691000 	C:\WINDOWS\SYSTEM32\profapi.dll
0x00007ffc651f0000 - 0x00007ffc65209000 	C:\Program Files\Android\Android Studio1\jbr\bin\net.dll
0x00007ffc862f0000 - 0x00007ffc86426000 	C:\WINDOWS\SYSTEM32\WINHTTP.dll
0x00007ffc8abe0000 - 0x00007ffc8ac49000 	C:\WINDOWS\system32\mswsock.dll
0x00007ffc64e00000 - 0x00007ffc64e16000 	C:\Program Files\Android\Android Studio1\jbr\bin\nio.dll
0x00007ffc84df0000 - 0x00007ffc84e00000 	C:\Program Files\Android\Android Studio1\jbr\bin\verify.dll

dbghelp: loaded successfully - version: 4.0.5 - missing functions: none
symbol engine: initialized successfully - sym options: 0x614 - pdb path: .;C:\Program Files\Android\Android Studio1\jbr\bin;C:\WINDOWS\SYSTEM32;C:\WINDOWS\WinSxS\amd64_microsoft.windows.common-controls_6595b64144ccf1df_6.0.22621.3672_none_2713b9d173822955;C:\Program Files\Android\Android Studio1\jbr\bin\server

VM Arguments:
java_command: org.jetbrains.kotlin.cli.jvm.K2JVMCompiler @C:\Users\niami\Desktop\devops\ANDROID\CookingReceipe\app\build\20240706_11230986172396068247.compiler.options
java_class_path (initial): C:\Users\niami\.gradle\caches\modules-2\files-2.1\org.jetbrains.kotlin\kotlin-compiler-embeddable\1.9.0\2c8c3a7402becca891f12739b3e9fd2dc2adbd7a\kotlin-compiler-embeddable-1.9.0.jar;C:\Users\niami\.gradle\caches\modules-2\files-2.1\org.jetbrains.kotlin\kotlin-stdlib\1.9.0\8ee15ef0c67dc83d874f412d84378d7f0eb50b63\kotlin-stdlib-1.9.0.jar;C:\Users\niami\.gradle\caches\modules-2\files-2.1\org.jetbrains.kotlin\kotlin-script-runtime\1.9.0\4b3102cbbb7e1b58d9d1adf89563f00069ffa7d1\kotlin-script-runtime-1.9.0.jar;C:\Users\niami\.gradle\caches\modules-2\files-2.1\org.jetbrains.kotlin\kotlin-reflect\1.6.10\1cbe9c92c12a94eea200d23c2bbaedaf3daf5132\kotlin-reflect-1.6.10.jar;C:\Users\niami\.gradle\caches\modules-2\files-2.1\org.jetbrains.kotlin\kotlin-daemon-embeddable\1.9.0\186543f5e28cf8d9a0290fecc2cf34301c40a65c\kotlin-daemon-embeddable-1.9.0.jar;C:\Users\niami\.gradle\caches\modules-2\files-2.1\org.jetbrains.intellij.deps\trove4j\1.0.20200330\3afb14d5f9ceb459d724e907a21145e8ff394f02\trove4j-1.0.20200330.jar;C:\Users\niami\.gradle\caches\modules-2\files-2.1\org.jetbrains.kotlin\kotlin-stdlib-common\1.9.0\cd65c21cfd1eec4d44ef09f9f52b6d9f8a720636\kotlin-stdlib-common-1.9.0.jar;C:\Users\niami\.gradle\caches\modules-2\files-2.1\org.jetbrains\annotations\13.0\919f0dfe192fb4e063e7dacadee7f8bb9a2672a9\annotations-13.0.jar
Launcher Type: SUN_STANDARD

[Global flags]
     intx CICompilerCount                          = 2                                         {product} {ergonomic}
     uint ConcGCThreads                            = 1                                         {product} {ergonomic}
     uint G1ConcRefinementThreads                  = 2                                         {product} {ergonomic}
   size_t G1HeapRegionSize                         = 1048576                                   {product} {ergonomic}
    uintx GCDrainStackTargetSize                   = 64                                        {product} {ergonomic}
   size_t InitialHeapSize                          = 58720256                                  {product} {ergonomic}
   size_t MarkStackSize                            = 4194304                                   {product} {ergonomic}
   size_t MaxHeapSize                              = 920649728                                 {product} {ergonomic}
   size_t MaxNewSize                               = 551550976                                 {product} {ergonomic}
   size_t MinHeapDeltaBytes                        = 1048576                                   {product} {ergonomic}
   size_t MinHeapSize                              = 8388608                                   {product} {ergonomic}
    uintx NonNMethodCodeHeapSize                   = 5826188                                {pd product} {ergonomic}
    uintx NonProfiledCodeHeapSize                  = 122916026                              {pd product} {ergonomic}
    uintx ProfiledCodeHeapSize                     = 122916026                              {pd product} {ergonomic}
    uintx ReservedCodeCacheSize                    = 251658240                              {pd product} {ergonomic}
     bool SegmentedCodeCache                       = true                                      {product} {ergonomic}
   size_t SoftMaxHeapSize                          = 920649728                              {manageable} {ergonomic}
     bool UseCompressedClassPointers               = true                           {product lp64_product} {ergonomic}
     bool UseCompressedOops                        = true                           {product lp64_product} {ergonomic}
     bool UseG1GC                                  = true                                      {product} {ergonomic}
     bool UseLargePagesIndividualAllocation        = false                                  {pd product} {ergonomic}

Logging:
Log output configuration:
 #0: stdout all=warning uptime,level,tags
 #1: stderr all=off uptime,level,tags

Environment Variables:
JAVA_HOME=C:\Program Files\Java\jdk-20\bin
PATH=C:\Program Files\Microsoft\jdk-11.0.16.101-hotspot\bin;C:\Program Files\Common Files\Oracle\Java\javapath;C:\WINDOWS\system32;C:\WINDOWS;C:\WINDOWS\System32\Wbem;C:\WINDOWS\System32\WindowsPowerShell\v1.0\;C:\WINDOWS\System32\OpenSSH\;C:\Users\niami\AppData\Local\Android\Sdk\platform-tools;C:\Users\niami\AppData\Local\Android\Sdk\platforms;C:\Users\niami\AppData\Local\Android\Sdk;C:\Users\niami\AppData\Local\Android\Sdk\build-tools;C:\Users\niami\AppData\Local\Android\Sdk\emulator;C:\Program Files\Java\jdk-20\bin;C:\src\flutter\bin;C:\Program Files\Microsoft SQL Server\150\Tools\Binn\;C:\Program Files\Microsoft SQL Server\Client SDK\ODBC\170\Tools\Binn\;C:\Program Files\Git\cmd;C:\Program Files\dotnet\;C:\python312\Scripts\;C:\python312\;C:\Users\niami\AppData\Local\Programs\Python\Launcher\;C:\Users\niami\AppData\Local\Microsoft\WindowsApps;C:\Users\niami\AppData\Local\Programs\Microsoft VS Code\bin;C:\src\flutter\bin;C:\Program Files\heroku\bin;C:\Users\niami\.dotnet\tools
USERNAME=niami
OS=Windows_NT
PROCESSOR_IDENTIFIER=AMD64 Family 23 Model 32 Stepping 1, AuthenticAMD
TMP=C:\Users\niami\AppData\Local\Temp
TEMP=C:\Users\niami\AppData\Local\Temp



Periodic native trim disabled

JNI global refs:
JNI global refs: 6, weak refs: 3

JNI global refs memory usage: 843, weak refs: 841

OOME stack traces (most recent first):
Classloader memory used:
Loader jdk.internal.loader.ClassLoaders$AppClassLoader                                 : 4627K
Loader bootstrap                                                                       : 1317K
Loader java.net.URLClassLoader                                                         : 25340B
Loader jdk.internal.reflect.DelegatingClassLoader                                      : 7148B
Loader jdk.internal.loader.ClassLoaders$PlatformClassLoader                            : 2276B


---------------  S Y S T E M  ---------------

OS:
 Windows 11 , 64 bit Build 22621 (10.0.22621.3672)
OS uptime: 6 days 2:58 hours

CPU: total 2 (initial active 2) (2 cores per cpu, 1 threads per core) family 23 model 32 stepping 1 microcode 0x0, cx8, cmov, fxsr, mmx, 3dnowpref, sse, sse2, sse3, ssse3, sse4a, sse4.1, sse4.2, popcnt, lzcnt, tsc, tscinvbit, avx, avx2, aes, clmul, bmi1, bmi2, adx, sha, fma, vzeroupper, clflush, clflushopt
Processor Information for all 2 processors :
  Max Mhz: 1200, Current Mhz: 1200, Mhz Limit: 1200

Memory: 4k page, system-wide physical 3504M (238M free)
TotalPageFile size 14256M (AvailPageFile size 14M)
current process WorkingSet (physical memory assigned to process): 145M, peak: 152M
current process commit charge ("private bytes"): 203M, peak: 214M

vm_info: OpenJDK 64-Bit Server VM (17.0.9+0--11185874) for windows-amd64 JRE (17.0.9+0--11185874), built on Dec  6 2023 18:57:44 by "androidbuild" with MS VC++ 16.10 / 16.11 (VS2019)

END.
